<?xml version="1.0" encoding="UTF-8"?>
<!-- Generated by org.testng.reporters.JUnitXMLReporter -->
<testsuite ignored="0" hostname="LAPTOP-BEBQ4HBC" failures="0" tests="9" name="Default test" time="30.092" errors="0" timestamp="2026-03-16T12:40:31 IST">
  <testcase classname="testclass.LoginTest1" name="clickLoginBtn" time="0.197"/>
  <testcase classname="testclass.LoginTest1" name="emptyPwd" time="0.397"/>
  <testcase classname="testclass.LoginTest1" name="emptyUSer" time="0.45"/>
  <testcase classname="testclass.LoginTest1" name="errorUSer" time="0.549"/>
  <testcase classname="testclass.LoginTest1" name="invalidLogin" time="0.481"/>
  <testcase classname="testclass.LoginTest1" name="performanceUser" time="5.543"/>
  <testcase classname="testclass.LoginTest1" name="problemUser" time="0.497"/>
  <testcase classname="testclass.LoginTest1" name="validLogin" time="0.504"/>
  <testcase classname="testclass.LoginTest1" name="visualUser" time="0.482"/>
</testsuite> <!-- Default test -->
