<?xml version="1.0" encoding="UTF-8"?>
<testng-results ignored="0" total="9" passed="9" failed="0" skipped="0">
  <reporter-output>
  </reporter-output>
  <suite started-at="2026-03-16T12:40:01 IST" name="Default suite" finished-at="2026-03-16T12:40:31 IST" duration-ms="30092">
    <groups>
    </groups>
    <test started-at="2026-03-16T12:40:01 IST" name="Default test" finished-at="2026-03-16T12:40:31 IST" duration-ms="30092">
      <class name="testclass.LoginTest1">
        <test-method is-config="true" signature="setup()[pri:0, instance:testclass.LoginTest1@3bb9a3ff]" started-at="2026-03-16T12:40:01 IST" name="setup" finished-at="2026-03-16T12:40:06 IST" duration-ms="5480" status="PASS">
          <reporter-output>
          </reporter-output>
        </test-method> <!-- setup -->
        <test-method signature="clickLoginBtn()[pri:0, instance:testclass.LoginTest1@3bb9a3ff]" started-at="2026-03-16T12:40:07 IST" name="clickLoginBtn" finished-at="2026-03-16T12:40:07 IST" duration-ms="197" status="PASS">
          <reporter-output>
          </reporter-output>
        </test-method> <!-- clickLoginBtn -->
        <test-method is-config="true" signature="tearDown()[pri:0, instance:testclass.LoginTest1@3bb9a3ff]" started-at="2026-03-16T12:40:07 IST" name="tearDown" finished-at="2026-03-16T12:40:07 IST" duration-ms="325" status="PASS">
          <reporter-output>
          </reporter-output>
        </test-method> <!-- tearDown -->
        <test-method is-config="true" signature="setup()[pri:0, instance:testclass.LoginTest1@3bb9a3ff]" started-at="2026-03-16T12:40:07 IST" name="setup" finished-at="2026-03-16T12:40:09 IST" duration-ms="1650" status="PASS">
          <reporter-output>
          </reporter-output>
        </test-method> <!-- setup -->
        <test-method signature="emptyPwd()[pri:0, instance:testclass.LoginTest1@3bb9a3ff]" started-at="2026-03-16T12:40:09 IST" name="emptyPwd" finished-at="2026-03-16T12:40:09 IST" duration-ms="397" status="PASS">
          <reporter-output>
          </reporter-output>
        </test-method> <!-- emptyPwd -->
        <test-method is-config="true" signature="tearDown()[pri:0, instance:testclass.LoginTest1@3bb9a3ff]" started-at="2026-03-16T12:40:09 IST" name="tearDown" finished-at="2026-03-16T12:40:09 IST" duration-ms="208" status="PASS">
          <reporter-output>
          </reporter-output>
        </test-method> <!-- tearDown -->
        <test-method is-config="true" signature="setup()[pri:0, instance:testclass.LoginTest1@3bb9a3ff]" started-at="2026-03-16T12:40:09 IST" name="setup" finished-at="2026-03-16T12:40:11 IST" duration-ms="1536" status="PASS">
          <reporter-output>
          </reporter-output>
        </test-method> <!-- setup -->
        <test-method signature="emptyUSer()[pri:0, instance:testclass.LoginTest1@3bb9a3ff]" started-at="2026-03-16T12:40:11 IST" name="emptyUSer" finished-at="2026-03-16T12:40:11 IST" duration-ms="450" status="PASS">
          <reporter-output>
          </reporter-output>
        </test-method> <!-- emptyUSer -->
        <test-method is-config="true" signature="tearDown()[pri:0, instance:testclass.LoginTest1@3bb9a3ff]" started-at="2026-03-16T12:40:11 IST" name="tearDown" finished-at="2026-03-16T12:40:12 IST" duration-ms="248" status="PASS">
          <reporter-output>
          </reporter-output>
        </test-method> <!-- tearDown -->
        <test-method is-config="true" signature="setup()[pri:0, instance:testclass.LoginTest1@3bb9a3ff]" started-at="2026-03-16T12:40:12 IST" name="setup" finished-at="2026-03-16T12:40:13 IST" duration-ms="1720" status="PASS">
          <reporter-output>
          </reporter-output>
        </test-method> <!-- setup -->
        <test-method signature="errorUSer()[pri:0, instance:testclass.LoginTest1@3bb9a3ff]" started-at="2026-03-16T12:40:13 IST" name="errorUSer" finished-at="2026-03-16T12:40:14 IST" duration-ms="549" status="PASS">
          <reporter-output>
          </reporter-output>
        </test-method> <!-- errorUSer -->
        <test-method is-config="true" signature="tearDown()[pri:0, instance:testclass.LoginTest1@3bb9a3ff]" started-at="2026-03-16T12:40:14 IST" name="tearDown" finished-at="2026-03-16T12:40:14 IST" duration-ms="232" status="PASS">
          <reporter-output>
          </reporter-output>
        </test-method> <!-- tearDown -->
        <test-method is-config="true" signature="setup()[pri:0, instance:testclass.LoginTest1@3bb9a3ff]" started-at="2026-03-16T12:40:14 IST" name="setup" finished-at="2026-03-16T12:40:16 IST" duration-ms="1903" status="PASS">
          <reporter-output>
          </reporter-output>
        </test-method> <!-- setup -->
        <test-method signature="invalidLogin()[pri:0, instance:testclass.LoginTest1@3bb9a3ff]" started-at="2026-03-16T12:40:16 IST" name="invalidLogin" finished-at="2026-03-16T12:40:16 IST" duration-ms="481" status="PASS">
          <reporter-output>
          </reporter-output>
        </test-method> <!-- invalidLogin -->
        <test-method is-config="true" signature="tearDown()[pri:0, instance:testclass.LoginTest1@3bb9a3ff]" started-at="2026-03-16T12:40:16 IST" name="tearDown" finished-at="2026-03-16T12:40:17 IST" duration-ms="184" status="PASS">
          <reporter-output>
          </reporter-output>
        </test-method> <!-- tearDown -->
        <test-method is-config="true" signature="setup()[pri:0, instance:testclass.LoginTest1@3bb9a3ff]" started-at="2026-03-16T12:40:17 IST" name="setup" finished-at="2026-03-16T12:40:18 IST" duration-ms="1649" status="PASS">
          <reporter-output>
          </reporter-output>
        </test-method> <!-- setup -->
        <test-method signature="performanceUser()[pri:0, instance:testclass.LoginTest1@3bb9a3ff]" started-at="2026-03-16T12:40:18 IST" name="performanceUser" finished-at="2026-03-16T12:40:24 IST" duration-ms="5543" status="PASS">
          <reporter-output>
          </reporter-output>
        </test-method> <!-- performanceUser -->
        <test-method is-config="true" signature="tearDown()[pri:0, instance:testclass.LoginTest1@3bb9a3ff]" started-at="2026-03-16T12:40:24 IST" name="tearDown" finished-at="2026-03-16T12:40:24 IST" duration-ms="224" status="PASS">
          <reporter-output>
          </reporter-output>
        </test-method> <!-- tearDown -->
        <test-method is-config="true" signature="setup()[pri:0, instance:testclass.LoginTest1@3bb9a3ff]" started-at="2026-03-16T12:40:24 IST" name="setup" finished-at="2026-03-16T12:40:26 IST" duration-ms="1659" status="PASS">
          <reporter-output>
          </reporter-output>
        </test-method> <!-- setup -->
        <test-method signature="problemUser()[pri:0, instance:testclass.LoginTest1@3bb9a3ff]" started-at="2026-03-16T12:40:26 IST" name="problemUser" finished-at="2026-03-16T12:40:26 IST" duration-ms="497" status="PASS">
          <reporter-output>
          </reporter-output>
        </test-method> <!-- problemUser -->
        <test-method is-config="true" signature="tearDown()[pri:0, instance:testclass.LoginTest1@3bb9a3ff]" started-at="2026-03-16T12:40:26 IST" name="tearDown" finished-at="2026-03-16T12:40:26 IST" duration-ms="193" status="PASS">
          <reporter-output>
          </reporter-output>
        </test-method> <!-- tearDown -->
        <test-method is-config="true" signature="setup()[pri:0, instance:testclass.LoginTest1@3bb9a3ff]" started-at="2026-03-16T12:40:26 IST" name="setup" finished-at="2026-03-16T12:40:28 IST" duration-ms="1565" status="PASS">
          <reporter-output>
          </reporter-output>
        </test-method> <!-- setup -->
        <test-method signature="validLogin()[pri:0, instance:testclass.LoginTest1@3bb9a3ff]" started-at="2026-03-16T12:40:28 IST" name="validLogin" finished-at="2026-03-16T12:40:28 IST" duration-ms="504" status="PASS">
          <reporter-output>
          </reporter-output>
        </test-method> <!-- validLogin -->
        <test-method is-config="true" signature="tearDown()[pri:0, instance:testclass.LoginTest1@3bb9a3ff]" started-at="2026-03-16T12:40:28 IST" name="tearDown" finished-at="2026-03-16T12:40:29 IST" duration-ms="257" status="PASS">
          <reporter-output>
          </reporter-output>
        </test-method> <!-- tearDown -->
        <test-method is-config="true" signature="setup()[pri:0, instance:testclass.LoginTest1@3bb9a3ff]" started-at="2026-03-16T12:40:29 IST" name="setup" finished-at="2026-03-16T12:40:30 IST" duration-ms="1642" status="PASS">
          <reporter-output>
          </reporter-output>
        </test-method> <!-- setup -->
        <test-method signature="visualUser()[pri:0, instance:testclass.LoginTest1@3bb9a3ff]" started-at="2026-03-16T12:40:30 IST" name="visualUser" finished-at="2026-03-16T12:40:31 IST" duration-ms="482" status="PASS">
          <reporter-output>
          </reporter-output>
        </test-method> <!-- visualUser -->
        <test-method is-config="true" signature="tearDown()[pri:0, instance:testclass.LoginTest1@3bb9a3ff]" started-at="2026-03-16T12:40:31 IST" name="tearDown" finished-at="2026-03-16T12:40:31 IST" duration-ms="205" status="PASS">
          <reporter-output>
          </reporter-output>
        </test-method> <!-- tearDown -->
      </class> <!-- testclass.LoginTest1 -->
    </test> <!-- Default test -->
  </suite> <!-- Default suite -->
</testng-results>
