<?xml version="1.0" encoding="UTF-8"?>
<!-- Generated by org.testng.reporters.JUnitReportReporter -->
<testsuite hostname="LAPTOP-BEBQ4HBC" failures="0" tests="9" name="testclass.LoginTest" time="24.951" errors="0" timestamp="2026-03-15T19:50:38 IST" skipped="0">
  <testcase classname="testclass.LoginTest" name="performanceUser" time="7.120"/>
  <testcase classname="testclass.LoginTest" name="clickLoginBtn" time="1.836"/>
  <testcase classname="testclass.LoginTest" name="validLogin" time="2.238"/>
  <testcase classname="testclass.LoginTest" name="emptyPwd" time="2.102"/>
  <testcase classname="testclass.LoginTest" name="errorUSer" time="2.256"/>
  <testcase classname="testclass.LoginTest" name="emptyUSer" time="2.106"/>
  <testcase classname="testclass.LoginTest" name="problemUser" time="2.178"/>
  <testcase classname="testclass.LoginTest" name="invalidLogin" time="2.944"/>
  <testcase classname="testclass.LoginTest" name="visualUser" time="2.171"/>
</testsuite> <!-- testclass.LoginTest -->
