<?xml version="1.0" encoding="UTF-8"?>
<!-- Generated by org.testng.reporters.JUnitReportReporter -->
<testsuite hostname="LAPTOP-BEBQ4HBC" failures="0" tests="9" name="testclass.LoginTest1" time="29.980" errors="0" timestamp="2026-03-16T12:40:31 IST" skipped="0">
  <testcase classname="testclass.LoginTest1" name="performanceUser" time="7.386"/>
  <testcase classname="testclass.LoginTest1" name="emptyPwd" time="2.261"/>
  <testcase classname="testclass.LoginTest1" name="visualUser" time="2.332"/>
  <testcase classname="testclass.LoginTest1" name="clickLoginBtn" time="2.019"/>
  <testcase classname="testclass.LoginTest1" name="emptyUSer" time="2.402"/>
  <testcase classname="testclass.LoginTest1" name="problemUser" time="2.648"/>
  <testcase classname="testclass.LoginTest1" name="errorUSer" time="6.213"/>
  <testcase classname="testclass.LoginTest1" name="validLogin" time="2.264"/>
  <testcase classname="testclass.LoginTest1" name="invalidLogin" time="2.455"/>
</testsuite> <!-- testclass.LoginTest1 -->
