<?xml version="1.0" encoding="UTF-8"?>
<!-- Generated by org.testng.reporters.JUnitReportReporter -->
<testsuite hostname="LAPTOP-BEBQ4HBC" failures="0" tests="4" name="testclass.ProductTest" time="11.579" errors="0" timestamp="2026-03-15T18:55:01 IST" skipped="0">
  <testcase classname="testclass.ProductTest" name="clickOnMenu" time="2.608"/>
  <testcase classname="testclass.ProductTest" name="addItemToCart" time="2.641"/>
  <testcase classname="testclass.ProductTest" name="openCartICon" time="3.683"/>
  <testcase classname="testclass.ProductTest" name="selectProduct" time="2.647"/>
</testsuite> <!-- testclass.ProductTest -->
