<?xml version="1.0" encoding="UTF-8"?>
<!-- Generated by org.testng.reporters.JUnitReportReporter -->
<testsuite hostname="LAPTOP-BEBQ4HBC" failures="0" tests="5" name="testclass.CartTest" time="13.416" errors="0" timestamp="2026-03-15T19:42:34 IST" skipped="0">
  <testcase classname="testclass.CartTest" name="cartPage" time="2.447"/>
  <testcase classname="testclass.CartTest" name="clickCheckout" time="2.531"/>
  <testcase classname="testclass.CartTest" name="verifyRemoveBtn" time="2.419"/>
  <testcase classname="testclass.CartTest" name="removeItem" time="3.557"/>
  <testcase classname="testclass.CartTest" name="verifyCheckout" time="2.462"/>
</testsuite> <!-- testclass.CartTest -->
